<?xml version="1.0" encoding="UTF-8" ?>
<testsuite tests="1" failures="0" name="cn.exrick.test.Test" time="1.588" errors="0" skipped="0">
  <properties>
    <property name="idea.version" value="2021.2"/>
    <property name="java.runtime.name" value="OpenJDK Runtime Environment"/>
    <property name="java.vm.version" value="16.0.2+7-67"/>
    <property name="sun.boot.library.path" value="C:\Users\DELL\.jdks\openjdk-16.0.2\bin"/>
    <property name="maven.multiModuleProjectDirectory" value="D:\19301044 潘天胜 java\XMall单体版\XMall单体版\后台-xmall单体版\后台-xmall单体版"/>
    <property name="java.vm.vendor" value="Oracle Corporation"/>
    <property name="java.vendor.url" value="https://java.oracle.com/"/>
    <property name="guice.disable.misplaced.annotation.check" value="true"/>
    <property name="path.separator" value=";"/>
    <property name="java.vm.name" value="OpenJDK 64-Bit Server VM"/>
    <property name="sun.os.patch.level" value=""/>
    <property name="user.script" value=""/>
    <property name="user.country" value="CN"/>
    <property name="sun.java.launcher" value="SUN_STANDARD"/>
    <property name="java.vm.specification.name" value="Java Virtual Machine Specification"/>
    <property name="user.dir" value="D:\19301044 潘天胜 java\XMall单体版\XMall单体版\后台-xmall单体版\后台-xmall单体版"/>
    <property name="java.vm.compressedOopsMode" value="32-bit"/>
    <property name="java.runtime.version" value="16.0.2+7-67"/>
    <property name="os.arch" value="amd64"/>
    <property name="java.io.tmpdir" value="C:\Users\DELL\AppData\Local\Temp\"/>
    <property name="line.separator" value="
"/>
    <property name="java.vm.specification.vendor" value="Oracle Corporation"/>
    <property name="user.variant" value=""/>
    <property name="os.name" value="Windows 10"/>
    <property name="maven.ext.class.path" value="D:\JetBrains\Intellij IDEA\IntelliJ IDEA 2021.2\plugins\maven\lib\maven-event-listener.jar"/>
    <property name="classworlds.conf" value="D:\Ruan Jian\Maven\apache-maven-3.8.2-bin\apache-maven-3.8.2\bin\m2.conf"/>
    <property name="sun.jnu.encoding" value="GBK"/>
    <property name="java.library.path" value="C:\Users\DELL\.jdks\openjdk-16.0.2\bin;C:\WINDOWS\Sun\Java\bin;C:\WINDOWS\system32;C:\WINDOWS;D:\JetBrains\java\jdk-1.8\bin;C:\WINDOWS\system32;C:\WINDOWS;C:\WINDOWS\System32\Wbem;C:\WINDOWS\System32\WindowsPowerShell\v1.0\;C:\WINDOWS\System32\OpenSSH\;C:\Users\DELL\AppData\Local\Android\Sdk;C:\Users\DELL\AppData\Local\Android\Sdk\platform-tools;;D:\Ruan Jian\Tomcat\apache-tomcat-9.0.53-windows-x64\apache-tomcat-9.0.53\bin;D:\JetBrains\java\jdk-16.0.2\bin;&quot;D:\JetBrains\java\jdk-16.0.2\jre\bin;&quot;;D:\Ruan Jian\Maven\apache-maven-3.8.2-bin\apache-maven-3.8.2\bin;C:\Program Files\Microsoft SQL Server\Client SDK\ODBC\170\Tools\Binn\;C:\Program Files (x86)\Microsoft SQL Server\150\Tools\Binn\;C:\Program Files\Microsoft SQL Server\150\Tools\Binn\;C:\Program Files\Microsoft SQL Server\150\DTS\Binn\;C:\Program Files\Azure Data Studio\bin;C:\Program Files (x86)\Microsoft SQL Server\150\DTS\Binn\;D:\Ruan Jian\MySQL\Program-Files\bin;D:\Ruan Jian\Tomcat\apache-tomcat-9.0.53-windows-x64\apache-tomcat-9.0.53\lib;D:\Ruan Jian\node-js\;C:\ProgramData\chocolatey\bin;D:\Ruan Jian\Git Bash\Git\cmd;D:\Ruan Jian\Xshell\;D:\Ruan Jian\Redis\;C:\Users\DELL\AppData\Local\Programs\Python\Python39\Scripts\;C:\Users\DELL\AppData\Local\Programs\Python\Python39\;C:\Users\DELL\AppData\Local\Microsoft\WindowsApps;;D:\JetBrains\Intellij IDEA\IntelliJ IDEA 2021.2\bin;;D:\JetBrains\WebStorm 2021.2\bin;;D:\JetBrains\CLion 2021.2\bin;;D:\JetBrains\PyCharm 2021.2.1\bin;;D:\JetBrains\DataGrip 2021.2.2\bin;;C:\Program Files\Azure Data Studio\bin;D:\JetBrains\PhpStorm 2021.2.2\bin;;C:\Users\DELL\AppData\Roaming\npm;D:\Ruan Jian\VScode\Microsoft VS Code\bin;."/>
    <property name="maven.conf" value="D:\Ruan Jian\Maven\apache-maven-3.8.2-bin\apache-maven-3.8.2/conf"/>
    <property name="jdk.debug" value="release"/>
    <property name="java.class.version" value="60.0"/>
    <property name="java.specification.name" value="Java Platform API Specification"/>
    <property name="sun.management.compiler" value="HotSpot 64-Bit Tiered Compilers"/>
    <property name="maven.repo.local" value="D:\Ruan Jian\Maven\apache-maven-3.8.2-bin\apache-maven-3.8.2\maven-repo"/>
    <property name="os.version" value="10.0"/>
    <property name="user.home" value="C:\Users\DELL"/>
    <property name="user.timezone" value="Asia/Shanghai"/>
    <property name="file.encoding" value="UTF-8"/>
    <property name="java.specification.version" value="16"/>
    <property name="user.name" value="DELL"/>
    <property name="java.class.path" value="D:\Ruan Jian\Maven\apache-maven-3.8.2-bin\apache-maven-3.8.2\boot\plexus-classworlds-2.6.0.jar;D:\Ruan Jian\Maven\apache-maven-3.8.2-bin\apache-maven-3.8.2\boot\plexus-classworlds.license"/>
    <property name="java.vm.specification.version" value="16"/>
    <property name="sun.arch.data.model" value="64"/>
    <property name="sun.java.command" value="org.codehaus.classworlds.Launcher -Didea.version=2021.2 -s D:\Ruan Jian\Maven\apache-maven-3.8.2-bin\apache-maven-3.8.2\conf\settings.xml -Dmaven.repo.local=D:\Ruan Jian\Maven\apache-maven-3.8.2-bin\apache-maven-3.8.2\maven-repo package"/>
    <property name="java.home" value="C:\Users\DELL\.jdks\openjdk-16.0.2"/>
    <property name="user.language" value="zh"/>
    <property name="java.specification.vendor" value="Oracle Corporation"/>
    <property name="java.vm.info" value="mixed mode, sharing"/>
    <property name="java.version" value="16.0.2"/>
    <property name="java.vendor" value="Oracle Corporation"/>
    <property name="maven.home" value="D:\Ruan Jian\Maven\apache-maven-3.8.2-bin\apache-maven-3.8.2"/>
    <property name="file.separator" value="\"/>
    <property name="java.version.date" value="2021-07-20"/>
    <property name="java.vendor.url.bug" value="https://bugreport.java.com/bugreport/"/>
    <property name="sun.io.unicode.encoding" value="UnicodeLittle"/>
    <property name="sun.cpu.endian" value="little"/>
    <property name="sun.cpu.isalist" value="amd64"/>
  </properties>
  <testcase classname="cn.exrick.test.Test" name="test1" time="1.588"/>
</testsuite>